Streaming transaction logs mentioning Fz1E7g4ebTVDH4EXijcRbBcgxntivQJfTGePEwZyie9B. Confirmed commitment
Transaction executed in slot 308208610:
  Signature: 4gLr9Hjdyjb5PGkvbRShuVUXXPVWWomkXraj6WAQ4F3Xk1W9rct3N4NkdNLRDXRZaAFvY6rbbfQha2DrxWNM9WjB
  Status: Ok
  Log Messages:
    Program Fz1E7g4ebTVDH4EXijcRbBcgxntivQJfTGePEwZyie9B invoke [1]
    Program log: Instruction: Initialize
    Program 11111111111111111111111111111111 invoke [2]
    Program 11111111111111111111111111111111 success
    Program Fz1E7g4ebTVDH4EXijcRbBcgxntivQJfTGePEwZyie9B consumed 5954 of 200000 compute units
    Program Fz1E7g4ebTVDH4EXijcRbBcgxntivQJfTGePEwZyie9B success
Transaction executed in slot 308208612:
  Signature: 4gLr9Hjdyjb5PGkvbRShuVUXXPVWWomkXraj6WAQ4F3Xk1W9rct3N4NkdNLRDXRZaAFvY6rbbfQha2DrxWNM9WjB
  Status: Ok
  Log Messages:
    Program Fz1E7g4ebTVDH4EXijcRbBcgxntivQJfTGePEwZyie9B invoke [1]
    Program log: Instruction: Initialize
    Program 11111111111111111111111111111111 invoke [2]
    Program 11111111111111111111111111111111 success
    Program Fz1E7g4ebTVDH4EXijcRbBcgxntivQJfTGePEwZyie9B consumed 5954 of 200000 compute units
    Program Fz1E7g4ebTVDH4EXijcRbBcgxntivQJfTGePEwZyie9B success
Transaction executed in slot 308208612:
  Signature: 6743Wd8BZKHxkfSqiiyucDLc7HMWyGqPLsHNnYLnXpAM3KJothYTBmRtdKkmH7qoXjtAUPcXmttNWLrPkX1rs2qk
  Status: Ok
  Log Messages:
    Program Fz1E7g4ebTVDH4EXijcRbBcgxntivQJfTGePEwZyie9B invoke [1]
    Program log: Instruction: Send
    Program 11111111111111111111111111111111 invoke [2]
    Program 11111111111111111111111111111111 success
    Program log: LogNewTask:AAAAAAAAAAAMAAAAU29sYW5hRGV2TmV0IAAAAF1H50HmY0kAHt7k4/RrlPaCN3sdDdrpkAcnR5Pm89ZHLQAAAHNlY3JldDFyY3B4dHZhZjJjY3M3dGdtbDdkMjV4cjVuOHN1dmR4cjZ3OW5lbnuvog2KSFydOJmlksGsqfESTFzMbm1UIA65voM/V/V3BAAAAAAAAAAEAAAAAAAAAEAAAAA0OWZmZWQwZGY0NTE2MjJhYzE4NjU3MTAzODBjMTRkNGFmOThkY2EyZDMyMzQyYmIyMGYyYjIyZmFjYTNkMDBkCAAAAHB1bHNhci0zDgAAAHJlcXVlc3RfcmFuZG9tDAAAAL+S97UZ4apSq4EXC0BCDwCEAQAAeyJkYXRhIjoie1wibnVtV29yZHNcIjoxMH0iLCJyb3V0aW5nX2luZm8iOiJzZWNyZXQxcmNweHR2YWYyY2NzN3RnbWw3ZDI1eHI1bjhzdXZkeHI2dzluZW4iLCJyb3V0aW5nX2NvZGVfaGFzaCI6IjQ5ZmZlZDBkZjQ1MTYyMmFjMTg2NTcxMDM4MGMxNGQ0YWY5OGRjYTJkMzIzNDJiYjIwZjJiMjJmYWNhM2QwMGQiLCJ1c2VyX2FkZHJlc3MiOiI3SDhXU1ZlRHJCdmtrN3lvajExY0c1Z3hWQUNhWDNtNWtVRU1DaHJGaXVlbiIsInVzZXJfa2V5IjoiQUFBQUFBPT0iLCJjYWxsYmFja19hZGRyZXNzIjoiSFp5MmJYbzFObWNUV1VSSnZrOWM4em9mcUUyTVV2cHU3d1U3MjJvN2d0RU4iLCJjYWxsYmFja19zZWxlY3RvciI6IkFBQUFBQT09IiwiY2FsbGJhY2tfZ2FzX2xpbWl0IjoxMDAwMDAwfQMAAABBQT0=
    Program Fz1E7g4ebTVDH4EXijcRbBcgxntivQJfTGePEwZyie9B consumed 18745 of 200000 compute units
    Program return: Fz1E7g4ebTVDH4EXijcRbBcgxntivQJfTGePEwZyie9B AAAAAAAAAAA=
    Program Fz1E7g4ebTVDH4EXijcRbBcgxntivQJfTGePEwZyie9B success
Transaction executed in slot 308208613:
  Signature: 6743Wd8BZKHxkfSqiiyucDLc7HMWyGqPLsHNnYLnXpAM3KJothYTBmRtdKkmH7qoXjtAUPcXmttNWLrPkX1rs2qk
  Status: Ok
  Log Messages:
    Program Fz1E7g4ebTVDH4EXijcRbBcgxntivQJfTGePEwZyie9B invoke [1]
    Program log: Instruction: Send
    Program 11111111111111111111111111111111 invoke [2]
    Program 11111111111111111111111111111111 success
    Program log: LogNewTask:AAAAAAAAAAAMAAAAU29sYW5hRGV2TmV0IAAAAF1H50HmY0kAHt7k4/RrlPaCN3sdDdrpkAcnR5Pm89ZHLQAAAHNlY3JldDFyY3B4dHZhZjJjY3M3dGdtbDdkMjV4cjVuOHN1dmR4cjZ3OW5lbnuvog2KSFydOJmlksGsqfESTFzMbm1UIA65voM/V/V3BAAAAAAAAAAEAAAAAAAAAEAAAAA0OWZmZWQwZGY0NTE2MjJhYzE4NjU3MTAzODBjMTRkNGFmOThkY2EyZDMyMzQyYmIyMGYyYjIyZmFjYTNkMDBkCAAAAHB1bHNhci0zDgAAAHJlcXVlc3RfcmFuZG9tDAAAAL+S97UZ4apSq4EXC0BCDwCEAQAAeyJkYXRhIjoie1wibnVtV29yZHNcIjoxMH0iLCJyb3V0aW5nX2luZm8iOiJzZWNyZXQxcmNweHR2YWYyY2NzN3RnbWw3ZDI1eHI1bjhzdXZkeHI2dzluZW4iLCJyb3V0aW5nX2NvZGVfaGFzaCI6IjQ5ZmZlZDBkZjQ1MTYyMmFjMTg2NTcxMDM4MGMxNGQ0YWY5OGRjYTJkMzIzNDJiYjIwZjJiMjJmYWNhM2QwMGQiLCJ1c2VyX2FkZHJlc3MiOiI3SDhXU1ZlRHJCdmtrN3lvajExY0c1Z3hWQUNhWDNtNWtVRU1DaHJGaXVlbiIsInVzZXJfa2V5IjoiQUFBQUFBPT0iLCJjYWxsYmFja19hZGRyZXNzIjoiSFp5MmJYbzFObWNUV1VSSnZrOWM4em9mcUUyTVV2cHU3d1U3MjJvN2d0RU4iLCJjYWxsYmFja19zZWxlY3RvciI6IkFBQUFBQT09IiwiY2FsbGJhY2tfZ2FzX2xpbWl0IjoxMDAwMDAwfQMAAABBQT0=
    Program Fz1E7g4ebTVDH4EXijcRbBcgxntivQJfTGePEwZyie9B consumed 18745 of 200000 compute units
    Program return: Fz1E7g4ebTVDH4EXijcRbBcgxntivQJfTGePEwZyie9B AAAAAAAAAAA=
    Program Fz1E7g4ebTVDH4EXijcRbBcgxntivQJfTGePEwZyie9B success
Transaction executed in slot 308208613:
  Signature: 4ETKAsarjM48YkW3AamHwFNPanoX5hvgueM2ncgqUoW3YyGtUoK3KqBYns6qeGsozMKBH43wzWyM9mrx6CTxNAM5
  Status: Ok
  Log Messages:
    Program Fz1E7g4ebTVDH4EXijcRbBcgxntivQJfTGePEwZyie9B invoke [1]
    Program log: Instruction: Send
    Program 11111111111111111111111111111111 invoke [2]
    Program 11111111111111111111111111111111 success
    Program log: LogNewTask:AQAAAAAAAAAMAAAAU29sYW5hRGV2TmV0IAAAAF1H50HmY0kAHt7k4/RrlPaCN3sdDdrpkAcnR5Pm89ZHLQAAAHNlY3JldDFyY3B4dHZhZjJjY3M3dGdtbDdkMjV4cjVuOHN1dmR4cjZ3OW5lbnuvog2KSFydOJmlksGsqfESTFzMbm1UIA65voM/V/V3BAAAAAAAAAAEAAAAAAAAAEAAAAA0OWZmZWQwZGY0NTE2MjJhYzE4NjU3MTAzODBjMTRkNGFmOThkY2EyZDMyMzQyYmIyMGYyYjIyZmFjYTNkMDBkCAAAAHB1bHNhci0zDgAAAHJlcXVlc3RfcmFuZG9tDAAAAL+S97UZ4apSq4EXC0BCDwCEAQAAeyJkYXRhIjoie1wibnVtV29yZHNcIjoxMH0iLCJyb3V0aW5nX2luZm8iOiJzZWNyZXQxcmNweHR2YWYyY2NzN3RnbWw3ZDI1eHI1bjhzdXZkeHI2dzluZW4iLCJyb3V0aW5nX2NvZGVfaGFzaCI6IjQ5ZmZlZDBkZjQ1MTYyMmFjMTg2NTcxMDM4MGMxNGQ0YWY5OGRjYTJkMzIzNDJiYjIwZjJiMjJmYWNhM2QwMGQiLCJ1c2VyX2FkZHJlc3MiOiI3SDhXU1ZlRHJCdmtrN3lvajExY0c1Z3hWQUNhWDNtNWtVRU1DaHJGaXVlbiIsInVzZXJfa2V5IjoiQUFBQUFBPT0iLCJjYWxsYmFja19hZGRyZXNzIjoiSFp5MmJYbzFObWNUV1VSSnZrOWM4em9mcUUyTVV2cHU3d1U3MjJvN2d0RU4iLCJjYWxsYmFja19zZWxlY3RvciI6IkFBQUFBQT09IiwiY2FsbGJhY2tfZ2FzX2xpbWl0IjoxMDAwMDAwfQMAAABBQT0=
    Program Fz1E7g4ebTVDH4EXijcRbBcgxntivQJfTGePEwZyie9B consumed 19191 of 200000 compute units
    Program return: Fz1E7g4ebTVDH4EXijcRbBcgxntivQJfTGePEwZyie9B AQAAAAAAAAA=
    Program Fz1E7g4ebTVDH4EXijcRbBcgxntivQJfTGePEwZyie9B success
Transaction executed in slot 308208614:
  Signature: 4ETKAsarjM48YkW3AamHwFNPanoX5hvgueM2ncgqUoW3YyGtUoK3KqBYns6qeGsozMKBH43wzWyM9mrx6CTxNAM5
  Status: Ok
  Log Messages:
    Program Fz1E7g4ebTVDH4EXijcRbBcgxntivQJfTGePEwZyie9B invoke [1]
    Program log: Instruction: Send
    Program 11111111111111111111111111111111 invoke [2]
    Program 11111111111111111111111111111111 success
    Program log: LogNewTask:AQAAAAAAAAAMAAAAU29sYW5hRGV2TmV0IAAAAF1H50HmY0kAHt7k4/RrlPaCN3sdDdrpkAcnR5Pm89ZHLQAAAHNlY3JldDFyY3B4dHZhZjJjY3M3dGdtbDdkMjV4cjVuOHN1dmR4cjZ3OW5lbnuvog2KSFydOJmlksGsqfESTFzMbm1UIA65voM/V/V3BAAAAAAAAAAEAAAAAAAAAEAAAAA0OWZmZWQwZGY0NTE2MjJhYzE4NjU3MTAzODBjMTRkNGFmOThkY2EyZDMyMzQyYmIyMGYyYjIyZmFjYTNkMDBkCAAAAHB1bHNhci0zDgAAAHJlcXVlc3RfcmFuZG9tDAAAAL+S97UZ4apSq4EXC0BCDwCEAQAAeyJkYXRhIjoie1wibnVtV29yZHNcIjoxMH0iLCJyb3V0aW5nX2luZm8iOiJzZWNyZXQxcmNweHR2YWYyY2NzN3RnbWw3ZDI1eHI1bjhzdXZkeHI2dzluZW4iLCJyb3V0aW5nX2NvZGVfaGFzaCI6IjQ5ZmZlZDBkZjQ1MTYyMmFjMTg2NTcxMDM4MGMxNGQ0YWY5OGRjYTJkMzIzNDJiYjIwZjJiMjJmYWNhM2QwMGQiLCJ1c2VyX2FkZHJlc3MiOiI3SDhXU1ZlRHJCdmtrN3lvajExY0c1Z3hWQUNhWDNtNWtVRU1DaHJGaXVlbiIsInVzZXJfa2V5IjoiQUFBQUFBPT0iLCJjYWxsYmFja19hZGRyZXNzIjoiSFp5MmJYbzFObWNUV1VSSnZrOWM4em9mcUUyTVV2cHU3d1U3MjJvN2d0RU4iLCJjYWxsYmFja19zZWxlY3RvciI6IkFBQUFBQT09IiwiY2FsbGJhY2tfZ2FzX2xpbWl0IjoxMDAwMDAwfQMAAABBQT0=
    Program Fz1E7g4ebTVDH4EXijcRbBcgxntivQJfTGePEwZyie9B consumed 19191 of 200000 compute units
    Program return: Fz1E7g4ebTVDH4EXijcRbBcgxntivQJfTGePEwZyie9B AQAAAAAAAAA=
    Program Fz1E7g4ebTVDH4EXijcRbBcgxntivQJfTGePEwZyie9B success
